<?xml version='1.0' encoding='UTF-8'?>
<testsuite hostname="DESKTOP-958LQSN" name="patmat.HuffmanSuite" tests="7" errors="0" failures="0" skipped="0" time="1.242" timestamp="2021-10-12T05:11:27">
                     <properties>
[...]
</properties>
                     <testcase classname="patmat.HuffmanSuite" name="chars of a larger tree (10pts)" time="0.346">
                                                 
                                               </testcase><testcase classname="patmat.HuffmanSuite" name="weight of a larger tree (10pts)" time="0.028">
                                                 
                                               </testcase><testcase classname="patmat.HuffmanSuite" name="decode and encode a very short text should be identity (10pts)" time="0.716">
                                                 
                                               </testcase><testcase classname="patmat.HuffmanSuite" name="string2chars hello world" time="0.078">
                                                 
                                               </testcase><testcase classname="patmat.HuffmanSuite" name="combine of some leaf list (15pts)" time="0.027">
                                                 
                                               </testcase><testcase classname="patmat.HuffmanSuite" name="decode and encode a text of abd should be identity (10pts)" time="0.015">
                                                 
                                               </testcase><testcase classname="patmat.HuffmanSuite" name="make ordered leaf list for some frequency table (15pts)" time="0.032">
                                                 
                                               </testcase>
                     <system-out><![CDATA[]]></system-out>
                     <system-err><![CDATA[]]></system-err>
                   </testsuite>